Using pre-set license
Built from '2022.2/release' branch; Version is '2022.2.1f1 (4fead5835099) revision 5237461'; Using compiler version '192829333'; Build Type 'Release'
OS: 'Windows 10  (10.0.19045) 64bit ProfessionalWorkstation' Language: 'ru' Physical Memory: 6127 MB
BatchMode: 1, IsHumanControllingUs: 0, StartBugReporterOnCrash: 0, Is64bit: 1, IsPro: 1

COMMAND LINE ARGUMENTS:
C:\Program Files\Unity\Hub\Editor\2022.2.1f1\Editor\Unity.exe
-adb2
-batchMode
-noUpm
-name
AssetImportWorker0
-projectPath
D:/Unity/SpaceAdventuresWith
-logFile
Logs/AssetImportWorker0.log
-srvPort
60495
Successfully changed project path to: D:/Unity/SpaceAdventuresWith
D:/Unity/SpaceAdventuresWith
[UnityMemory] Configuration Parameters - Can be set up in boot.config
    "memorysetup-bucket-allocator-granularity=16"
    "memorysetup-bucket-allocator-bucket-count=8"
    "memorysetup-bucket-allocator-block-size=33554432"
    "memorysetup-bucket-allocator-block-count=8"
    "memorysetup-main-allocator-block-size=16777216"
    "memorysetup-thread-allocator-block-size=16777216"
    "memorysetup-gfx-main-allocator-block-size=16777216"
    "memorysetup-gfx-thread-allocator-block-size=16777216"
    "memorysetup-cache-allocator-block-size=4194304"
    "memorysetup-typetree-allocator-block-size=2097152"
    "memorysetup-profiler-bucket-allocator-granularity=16"
    "memorysetup-profiler-bucket-allocator-bucket-count=8"
    "memorysetup-profiler-bucket-allocator-block-size=33554432"
    "memorysetup-profiler-bucket-allocator-block-count=8"
    "memorysetup-profiler-allocator-block-size=16777216"
    "memorysetup-profiler-editor-allocator-block-size=1048576"
    "memorysetup-temp-allocator-size-main=16777216"
    "memorysetup-job-temp-allocator-block-size=2097152"
    "memorysetup-job-temp-allocator-block-size-background=1048576"
    "memorysetup-job-temp-allocator-reduction-small-platforms=262144"
    "memorysetup-temp-allocator-size-background-worker=32768"
    "memorysetup-temp-allocator-size-job-worker=262144"
    "memorysetup-temp-allocator-size-preload-manager=33554432"
    "memorysetup-temp-allocator-size-nav-mesh-worker=65536"
    "memorysetup-temp-allocator-size-audio-worker=65536"
    "memorysetup-temp-allocator-size-cloud-worker=32768"
    "memorysetup-temp-allocator-size-gi-baking-worker=262144"
    "memorysetup-temp-allocator-size-gfx=262144"
Player connection [8012] Host "[IP] 192.168.10.3 [Port] 0 [Flags] 2 [Guid] 1077392330 [EditorId] 1077392330 [Version] 1048832 [Id] WindowsEditor(7,lotsman-1) [Debug] 1 [PackageName] WindowsEditor [ProjectName] Editor" joined multi-casting on [225.0.0.222:54997]...

Player connection [8012] Host "[IP] 192.168.10.3 [Port] 0 [Flags] 2 [Guid] 1077392330 [EditorId] 1077392330 [Version] 1048832 [Id] WindowsEditor(7,lotsman-1) [Debug] 1 [PackageName] WindowsEditor [ProjectName] Editor" joined alternative multi-casting on [225.0.0.222:34997]...

Refreshing native plugins compatible for Editor in 5.62 ms, found 2 plugins.
Preloading 0 native plugins for Editor in 0.00 ms.
Initialize engine version: 2022.2.1f1 (4fead5835099)
[Subsystems] Discovering subsystems at path C:/Program Files/Unity/Hub/Editor/2022.2.1f1/Editor/Data/Resources/UnitySubsystems
[Subsystems] Discovering subsystems at path D:/Unity/SpaceAdventuresWith/Assets
GfxDevice: creating device client; threaded=0; jobified=0
Direct3D:
    Version:  Direct3D 11.0 [level 11.1]
    Renderer: AMD Radeon R9 200 Series (ID=0x6798)
    Vendor:   ATI
    VRAM:     3052 MB
    Driver:   26.20.12028.2
Initialize mono
Mono path[0] = 'C:/Program Files/Unity/Hub/Editor/2022.2.1f1/Editor/Data/Managed'
Mono path[1] = 'C:/Program Files/Unity/Hub/Editor/2022.2.1f1/Editor/Data/MonoBleedingEdge/lib/mono/unityjit-win32'
Mono config path = 'C:/Program Files/Unity/Hub/Editor/2022.2.1f1/Editor/Data/MonoBleedingEdge/etc'
Using monoOptions --debugger-agent=transport=dt_socket,embedding=1,server=y,suspend=n,address=127.0.0.1:56524
Begin MonoManager ReloadAssembly
Registering precompiled unity dll's ...
Register platform support module: C:/Program Files/Unity/Hub/Editor/2022.2.1f1/Editor/Data/PlaybackEngines/WindowsStandaloneSupport/UnityEditor.WindowsStandalone.Extensions.dll
Registered in 0.021198 seconds.
- Loaded All Assemblies, in  0.685 seconds
Native extension for WindowsStandalone target not found
Mono: successfully reloaded assembly
- Finished resetting the current domain, in  0.455 seconds
Domain Reload Profiling:
	ReloadAssembly (441ms)
		BeginReloadAssembly (235ms)
			ExecutionOrderSort (0ms)
			DisableScriptedObjects (0ms)
			BackupInstance (0ms)
			ReleaseScriptingObjects (0ms)
			CreateAndSetChildDomain (1ms)
		LoadAllAssembliesAndSetupDomain (0ms)
			LoadAssemblies (231ms)
			RebuildTransferFunctionScriptingTraits (0ms)
			SetupTypeCache (229ms)
				TypeCache.Initialize (228ms)
					TypeCache.ScanAssembly (225ms)
				ResolveRequiredComponents (1ms)
		FinalizeReload (0ms)
			ReleaseScriptCaches (0ms)
			RebuildScriptCaches (0ms)
			SetupLoadedEditorAssemblies (357ms)
				LogAssemblyErrors (0ms)
				InitializePlatformSupportModulesInManaged (17ms)
				SetLoadedEditorAssemblies (12ms)
				RefreshPlugins (0ms)
				BeforeProcessingInitializeOnLoad (2ms)
				ProcessInitializeOnLoadAttributes (243ms)
				ProcessInitializeOnLoadMethodAttributes (84ms)
				AfterProcessingInitializeOnLoad (0ms)
				EditorAssembliesLoaded (0ms)
			ExecutionOrderSort2 (0ms)
			AwakeInstancesAfterBackupRestoration (0ms)
========================================================================
Worker process is ready to serve import requests
Begin MonoManager ReloadAssembly
- Loaded All Assemblies, in  0.829 seconds
Refreshing native plugins compatible for Editor in 2.18 ms, found 2 plugins.
Native extension for WindowsStandalone target not found
Mono: successfully reloaded assembly
- Finished resetting the current domain, in  0.762 seconds
Domain Reload Profiling:
	ReloadAssembly (356ms)
		BeginReloadAssembly (196ms)
			ExecutionOrderSort (0ms)
			DisableScriptedObjects (9ms)
			BackupInstance (0ms)
			ReleaseScriptingObjects (0ms)
			CreateAndSetChildDomain (31ms)
		LoadAllAssembliesAndSetupDomain (469ms)
			LoadAssemblies (142ms)
			RebuildTransferFunctionScriptingTraits (0ms)
			SetupTypeCache (419ms)
				TypeCache.Initialize (341ms)
					TypeCache.ScanAssembly (337ms)
				ResolveRequiredComponents (5ms)
		FinalizeReload (0ms)
			ReleaseScriptCaches (0ms)
			RebuildScriptCaches (0ms)
			SetupLoadedEditorAssemblies (510ms)
				LogAssemblyErrors (0ms)
				InitializePlatformSupportModulesInManaged (15ms)
				SetLoadedEditorAssemblies (9ms)
				RefreshPlugins (0ms)
				BeforeProcessingInitializeOnLoad (71ms)
				ProcessInitializeOnLoadAttributes (370ms)
				ProcessInitializeOnLoadMethodAttributes (32ms)
				AfterProcessingInitializeOnLoad (14ms)
				EditorAssembliesLoaded (0ms)
			ExecutionOrderSort2 (0ms)
			AwakeInstancesAfterBackupRestoration (13ms)
Launched and connected shader compiler UnityShaderCompiler.exe after 0.10 seconds
Refreshing native plugins compatible for Editor in 2.16 ms, found 2 plugins.
Preloading 0 native plugins for Editor in 0.00 ms.
Unloading 1429 Unused Serialized files (Serialized files now loaded: 0)
Unloading 17 unused Assets / (63.8 KB). Loaded Objects now: 1901.
Memory consumption went from 243.8 MB to 243.7 MB.
Total: 3.747400 ms (FindLiveObjects: 0.175700 ms CreateObjectMapping: 0.080800 ms MarkObjects: 3.353300 ms  DeleteObjects: 0.136200 ms)

AssetImportParameters requested are different than current active one (requested -> active):
  custom:video-encoder-webm-vp8: eb34c28f22e8b96e1ab97ce403110664 -> 
  custom:video-decoder-webm-vp8: 9c59270c3fd7afecdb556c50c9e8de78 -> 
  custom:audio-decoder-ogg-vorbis: bf7c407c2cedff20999df2af8eb42d56 -> 
  custom:container-demuxer-ogg: 62fdf1f143b41e24485cea50d1cbac27 -> 
  custom:AudioImporter_EditorPlatform: d09bf68614088b80899f8185d706f6e7 -> 
  custom:container-demuxer-webm: 4f35f7cbe854078d1ac9338744f61a02 -> 
  custom:video-decoder-ogg-theora: a1e56fd34408186e4bbccfd4996cb3dc -> 
  custom:audio-encoder-webm-vorbis: bf7c407c2cedff20999df2af8eb42d56 -> 
  custom:framework-win-MediaFoundation: 216162199b28c13a410421893ffa2e32 -> 
  custom:container-muxer-webm: aa71ff27fc2769a1b78a27578f13a17b -> 
========================================================================
Received Import Request.
  Time since last request: 88365.198534 seconds.
  path: Assets/prefabes/Interiors/Shield.prefab
  artifactKey: Guid(29ece5c0d2426354780f8c79de931d7c) Importer(815301076,1909f56bfc062723c751e8b465ee728b)
Number of updated assets reloaded before import = 0
Start importing Assets/prefabes/Interiors/Shield.prefab using Guid(29ece5c0d2426354780f8c79de931d7c) Importer(815301076,1909f56bfc062723c751e8b465ee728b)  -> (artifact id: 'd51b985216e2b6b09f10805c6a6a07e2') in 0.242924 seconds 
Number of asset objects unloaded after import = 48
========================================================================
Received Import Request.
  Time since last request: 19.659812 seconds.
  path: Assets/prefabes/Interiors/consumer/Destroy_Shield.prefab
  artifactKey: Guid(0eab9517b054a114fad13bc3dfeaa91b) Importer(815301076,1909f56bfc062723c751e8b465ee728b)
Number of updated assets reloaded before import = 0
Start importing Assets/prefabes/Interiors/consumer/Destroy_Shield.prefab using Guid(0eab9517b054a114fad13bc3dfeaa91b) Importer(815301076,1909f56bfc062723c751e8b465ee728b)  -> (artifact id: 'a3508f7498724737a2c855063c326ae5') in 0.024605 seconds 
Number of asset objects unloaded after import = 32
========================================================================
Received Import Request.
  Time since last request: 35.052540 seconds.
  path: Assets/prefabes/Interiors/Shield.prefab
  artifactKey: Guid(29ece5c0d2426354780f8c79de931d7c) Importer(815301076,1909f56bfc062723c751e8b465ee728b)
Number of updated assets reloaded before import = 0
Start importing Assets/prefabes/Interiors/Shield.prefab using Guid(29ece5c0d2426354780f8c79de931d7c) Importer(815301076,1909f56bfc062723c751e8b465ee728b)  -> (artifact id: '86bde85f0f6d5ac11a6d891d96e00708') in 0.022439 seconds 
Number of asset objects unloaded after import = 48
========================================================================
Received Import Request.
  Time since last request: 8.191782 seconds.
  path: Assets/prefabes/Interiors/Shield.prefab
  artifactKey: Guid(29ece5c0d2426354780f8c79de931d7c) Importer(815301076,1909f56bfc062723c751e8b465ee728b)
Number of updated assets reloaded before import = 0
Start importing Assets/prefabes/Interiors/Shield.prefab using Guid(29ece5c0d2426354780f8c79de931d7c) Importer(815301076,1909f56bfc062723c751e8b465ee728b)  -> (artifact id: '0459762e5e6139d25f7999a8396c0871') in 0.023907 seconds 
Number of asset objects unloaded after import = 48
========================================================================
Received Import Request.
  Time since last request: 11.093291 seconds.
  path: Assets/prefabes/Interiors/Shield.prefab
  artifactKey: Guid(29ece5c0d2426354780f8c79de931d7c) Importer(815301076,1909f56bfc062723c751e8b465ee728b)
Number of updated assets reloaded before import = 0
Start importing Assets/prefabes/Interiors/Shield.prefab using Guid(29ece5c0d2426354780f8c79de931d7c) Importer(815301076,1909f56bfc062723c751e8b465ee728b)  -> (artifact id: 'f60fb1675cd1865ccdaea78b057d87dc') in 0.024831 seconds 
Number of asset objects unloaded after import = 48
========================================================================
Received Import Request.
  Time since last request: 7.447330 seconds.
  path: Assets/prefabes/Interiors/Shield.prefab
  artifactKey: Guid(29ece5c0d2426354780f8c79de931d7c) Importer(815301076,1909f56bfc062723c751e8b465ee728b)
Number of updated assets reloaded before import = 0
Start importing Assets/prefabes/Interiors/Shield.prefab using Guid(29ece5c0d2426354780f8c79de931d7c) Importer(815301076,1909f56bfc062723c751e8b465ee728b)  -> (artifact id: 'bd21cdd897ef3f6cd260311ebb436f90') in 0.023574 seconds 
Number of asset objects unloaded after import = 48
========================================================================
Received Import Request.
  Time since last request: 4.822003 seconds.
  path: Assets/prefabes/Interiors/Shield.prefab
  artifactKey: Guid(29ece5c0d2426354780f8c79de931d7c) Importer(815301076,1909f56bfc062723c751e8b465ee728b)
Number of updated assets reloaded before import = 0
Start importing Assets/prefabes/Interiors/Shield.prefab using Guid(29ece5c0d2426354780f8c79de931d7c) Importer(815301076,1909f56bfc062723c751e8b465ee728b)  -> (artifact id: 'b33d71ce619c08ea4d9b2b27a9bea3c4') in 0.023680 seconds 
Number of asset objects unloaded after import = 48
========================================================================
Received Import Request.
  Time since last request: 3.593425 seconds.
  path: Assets/prefabes/Interiors/Shield.prefab
  artifactKey: Guid(29ece5c0d2426354780f8c79de931d7c) Importer(815301076,1909f56bfc062723c751e8b465ee728b)
Number of updated assets reloaded before import = 0
Start importing Assets/prefabes/Interiors/Shield.prefab using Guid(29ece5c0d2426354780f8c79de931d7c) Importer(815301076,1909f56bfc062723c751e8b465ee728b)  -> (artifact id: 'a6bd4bb233054b1116e9b4c457cf0e12') in 0.022850 seconds 
Number of asset objects unloaded after import = 48
========================================================================
Received Import Request.
  Time since last request: 7.248786 seconds.
  path: Assets/prefabes/Interiors/Shield.prefab
  artifactKey: Guid(29ece5c0d2426354780f8c79de931d7c) Importer(815301076,1909f56bfc062723c751e8b465ee728b)
Number of updated assets reloaded before import = 0
Start importing Assets/prefabes/Interiors/Shield.prefab using Guid(29ece5c0d2426354780f8c79de931d7c) Importer(815301076,1909f56bfc062723c751e8b465ee728b)  -> (artifact id: '4a550fa9fb8dce936b7af009fae7d825') in 0.023086 seconds 
Number of asset objects unloaded after import = 48
========================================================================
Received Import Request.
  Time since last request: 5.045764 seconds.
  path: Assets/prefabes/Interiors/Shield.prefab
  artifactKey: Guid(29ece5c0d2426354780f8c79de931d7c) Importer(815301076,1909f56bfc062723c751e8b465ee728b)
Number of updated assets reloaded before import = 0
Start importing Assets/prefabes/Interiors/Shield.prefab using Guid(29ece5c0d2426354780f8c79de931d7c) Importer(815301076,1909f56bfc062723c751e8b465ee728b)  -> (artifact id: '7fa17a0e93ad6b888bf52ad26936d38f') in 0.026623 seconds 
Number of asset objects unloaded after import = 48
========================================================================
Received Import Request.
  Time since last request: 13.292557 seconds.
  path: Assets/prefabes/Interiors/Shield.prefab
  artifactKey: Guid(29ece5c0d2426354780f8c79de931d7c) Importer(815301076,1909f56bfc062723c751e8b465ee728b)
Number of updated assets reloaded before import = 0
Start importing Assets/prefabes/Interiors/Shield.prefab using Guid(29ece5c0d2426354780f8c79de931d7c) Importer(815301076,1909f56bfc062723c751e8b465ee728b)  -> (artifact id: 'fe2260f5d6d2a4f9194c4da1ef4ef39d') in 0.022486 seconds 
Number of asset objects unloaded after import = 48
========================================================================
Received Import Request.
  Time since last request: 6.633166 seconds.
  path: Assets/prefabes/Interiors/Shield.prefab
  artifactKey: Guid(29ece5c0d2426354780f8c79de931d7c) Importer(815301076,1909f56bfc062723c751e8b465ee728b)
Number of updated assets reloaded before import = 0
Start importing Assets/prefabes/Interiors/Shield.prefab using Guid(29ece5c0d2426354780f8c79de931d7c) Importer(815301076,1909f56bfc062723c751e8b465ee728b)  -> (artifact id: '8da9ea8534b14b22901bfec0efc99841') in 0.019406 seconds 
Number of asset objects unloaded after import = 48
========================================================================
Received Import Request.
  Time since last request: 3.391980 seconds.
  path: Assets/prefabes/Interiors/Shield.prefab
  artifactKey: Guid(29ece5c0d2426354780f8c79de931d7c) Importer(815301076,1909f56bfc062723c751e8b465ee728b)
Number of updated assets reloaded before import = 0
Start importing Assets/prefabes/Interiors/Shield.prefab using Guid(29ece5c0d2426354780f8c79de931d7c) Importer(815301076,1909f56bfc062723c751e8b465ee728b)  -> (artifact id: '305f06d94af44f936a11935fb9106aef') in 0.023005 seconds 
Number of asset objects unloaded after import = 48
========================================================================
Received Import Request.
  Time since last request: 5.620991 seconds.
  path: Assets/prefabes/Interiors/Shield.prefab
  artifactKey: Guid(29ece5c0d2426354780f8c79de931d7c) Importer(815301076,1909f56bfc062723c751e8b465ee728b)
Number of updated assets reloaded before import = 0
Start importing Assets/prefabes/Interiors/Shield.prefab using Guid(29ece5c0d2426354780f8c79de931d7c) Importer(815301076,1909f56bfc062723c751e8b465ee728b)  -> (artifact id: '89fda5634ca248fe7154aa8a833aadb9') in 0.023450 seconds 
Number of asset objects unloaded after import = 48
========================================================================
Received Import Request.
  Time since last request: 10.866033 seconds.
  path: Assets/prefabes/Interiors/Shield.prefab
  artifactKey: Guid(29ece5c0d2426354780f8c79de931d7c) Importer(815301076,1909f56bfc062723c751e8b465ee728b)
Number of updated assets reloaded before import = 0
Start importing Assets/prefabes/Interiors/Shield.prefab using Guid(29ece5c0d2426354780f8c79de931d7c) Importer(815301076,1909f56bfc062723c751e8b465ee728b)  -> (artifact id: '017d2acd03a70bbb06b77f1e8d2b4755') in 0.025325 seconds 
Number of asset objects unloaded after import = 48
========================================================================
Received Import Request.
  Time since last request: 2.992287 seconds.
  path: Assets/prefabes/Interiors/Shield.prefab
  artifactKey: Guid(29ece5c0d2426354780f8c79de931d7c) Importer(815301076,1909f56bfc062723c751e8b465ee728b)
Number of updated assets reloaded before import = 0
Start importing Assets/prefabes/Interiors/Shield.prefab using Guid(29ece5c0d2426354780f8c79de931d7c) Importer(815301076,1909f56bfc062723c751e8b465ee728b)  -> (artifact id: '4c611f34bc338eb01f1ab5445297122a') in 0.022098 seconds 
Number of asset objects unloaded after import = 48
========================================================================
Received Import Request.
  Time since last request: 6.419199 seconds.
  path: Assets/prefabes/Interiors/Shield.prefab
  artifactKey: Guid(29ece5c0d2426354780f8c79de931d7c) Importer(815301076,1909f56bfc062723c751e8b465ee728b)
Number of updated assets reloaded before import = 0
Start importing Assets/prefabes/Interiors/Shield.prefab using Guid(29ece5c0d2426354780f8c79de931d7c) Importer(815301076,1909f56bfc062723c751e8b465ee728b)  -> (artifact id: 'e9cec3f66f94ce16df14a3070de4de02') in 0.026801 seconds 
Number of asset objects unloaded after import = 48
========================================================================
Received Import Request.
  Time since last request: 10.694197 seconds.
  path: Assets/prefabes/Interiors/Shield.prefab
  artifactKey: Guid(29ece5c0d2426354780f8c79de931d7c) Importer(815301076,1909f56bfc062723c751e8b465ee728b)
Number of updated assets reloaded before import = 0
Start importing Assets/prefabes/Interiors/Shield.prefab using Guid(29ece5c0d2426354780f8c79de931d7c) Importer(815301076,1909f56bfc062723c751e8b465ee728b)  -> (artifact id: '631afd4a2ab809b856edc353b688a846') in 0.020835 seconds 
Number of asset objects unloaded after import = 48
========================================================================
Received Import Request.
  Time since last request: 11.745497 seconds.
  path: Assets/prefabes/Interiors/Shield.prefab
  artifactKey: Guid(29ece5c0d2426354780f8c79de931d7c) Importer(815301076,1909f56bfc062723c751e8b465ee728b)
Number of updated assets reloaded before import = 0
Start importing Assets/prefabes/Interiors/Shield.prefab using Guid(29ece5c0d2426354780f8c79de931d7c) Importer(815301076,1909f56bfc062723c751e8b465ee728b)  -> (artifact id: '30b94e63874e599ed33ea970fd1ad045') in 0.019847 seconds 
Number of asset objects unloaded after import = 30
========================================================================
Received Import Request.
  Time since last request: 10.309804 seconds.
  path: Assets/prefabes/Interiors/Shield.prefab
  artifactKey: Guid(29ece5c0d2426354780f8c79de931d7c) Importer(815301076,1909f56bfc062723c751e8b465ee728b)
Number of updated assets reloaded before import = 0
Start importing Assets/prefabes/Interiors/Shield.prefab using Guid(29ece5c0d2426354780f8c79de931d7c) Importer(815301076,1909f56bfc062723c751e8b465ee728b)  -> (artifact id: '8cb0135bd5ca30972a57b20cc6ab2d81') in 0.020561 seconds 
Number of asset objects unloaded after import = 30
========================================================================
Received Import Request.
  Time since last request: 18.759635 seconds.
  path: Assets/prefabes/Interiors/Shield.prefab
  artifactKey: Guid(29ece5c0d2426354780f8c79de931d7c) Importer(815301076,1909f56bfc062723c751e8b465ee728b)
Number of updated assets reloaded before import = 0
Start importing Assets/prefabes/Interiors/Shield.prefab using Guid(29ece5c0d2426354780f8c79de931d7c) Importer(815301076,1909f56bfc062723c751e8b465ee728b)  -> (artifact id: '525be99a4e9ffc600dacfb88e618a5a4') in 0.068502 seconds 
Number of asset objects unloaded after import = 30
========================================================================
Received Import Request.
  Time since last request: 947.633890 seconds.
  path: Assets/Models/laser 1.fbx
  artifactKey: Guid(0ee53e7ce28143a41b18797ff3c3f0c6) Importer(815301076,1909f56bfc062723c751e8b465ee728b)
Number of updated assets reloaded before import = 0
Start importing Assets/Models/laser 1.fbx using Guid(0ee53e7ce28143a41b18797ff3c3f0c6) Importer(815301076,1909f56bfc062723c751e8b465ee728b)  -> (artifact id: '62442c8bc05463c82ca95bfac814fff1') in 0.196842 seconds 
Number of asset objects unloaded after import = 12
========================================================================
Received Import Request.
  Time since last request: 181.248576 seconds.
  path: Assets/prefabes/rassi
  artifactKey: Guid(504c8b2ce878738498e9d0d3c9415831) Importer(815301076,1909f56bfc062723c751e8b465ee728b)
Number of updated assets reloaded before import = 0
Start importing Assets/prefabes/rassi using Guid(504c8b2ce878738498e9d0d3c9415831) Importer(815301076,1909f56bfc062723c751e8b465ee728b)  -> (artifact id: 'baae69bc0f2c71f6373e49004504ec6b') in 0.019498 seconds 
Number of asset objects unloaded after import = 0
========================================================================
Received Import Request.
  Time since last request: 53.708507 seconds.
  path: Assets/prefabes/Interiors/Shield.prefab
  artifactKey: Guid(29ece5c0d2426354780f8c79de931d7c) Importer(815301076,1909f56bfc062723c751e8b465ee728b)
Number of updated assets reloaded before import = 0
Start importing Assets/prefabes/Interiors/Shield.prefab using Guid(29ece5c0d2426354780f8c79de931d7c) Importer(815301076,1909f56bfc062723c751e8b465ee728b)  -> (artifact id: '7ebcfee57055016957432eb2d2f55868') in 0.041553 seconds 
Number of asset objects unloaded after import = 31
========================================================================
Received Import Request.
  Time since last request: 5.332687 seconds.
  path: Assets/prefabes/Interiors/Shield.prefab
  artifactKey: Guid(29ece5c0d2426354780f8c79de931d7c) Importer(815301076,1909f56bfc062723c751e8b465ee728b)
Number of updated assets reloaded before import = 0
Start importing Assets/prefabes/Interiors/Shield.prefab using Guid(29ece5c0d2426354780f8c79de931d7c) Importer(815301076,1909f56bfc062723c751e8b465ee728b)  -> (artifact id: '994b53691521616fe931f6becfd160a7') in 0.017963 seconds 
Number of asset objects unloaded after import = 30
========================================================================
Received Import Request.
  Time since last request: 13.335566 seconds.
  path: Assets/prefabes/Interiors/consumer/Destroy_Shield.prefab
  artifactKey: Guid(0eab9517b054a114fad13bc3dfeaa91b) Importer(815301076,1909f56bfc062723c751e8b465ee728b)
Number of updated assets reloaded before import = 0
Start importing Assets/prefabes/Interiors/consumer/Destroy_Shield.prefab using Guid(0eab9517b054a114fad13bc3dfeaa91b) Importer(815301076,1909f56bfc062723c751e8b465ee728b)  -> (artifact id: 'd89064191c5eea8f1a06c28fbe182be5') in 0.024404 seconds 
Number of asset objects unloaded after import = 47
========================================================================
Received Import Request.
  Time since last request: 44.174641 seconds.
  path: Assets/prefabes/Interiors/consumer/Shield_Ignorinng.prefab
  artifactKey: Guid(0eab9517b054a114fad13bc3dfeaa91b) Importer(815301076,1909f56bfc062723c751e8b465ee728b)
Number of updated assets reloaded before import = 0
Start importing Assets/prefabes/Interiors/consumer/Shield_Ignorinng.prefab using Guid(0eab9517b054a114fad13bc3dfeaa91b) Importer(815301076,1909f56bfc062723c751e8b465ee728b)  -> (artifact id: '7000f45cef32ff482fcf2ff4c57f66fa') in 0.026488 seconds 
Number of asset objects unloaded after import = 47
========================================================================
Received Import Request.
  Time since last request: 27.059562 seconds.
  path: Assets/prefabes/Interiors/consumer/Destroy_shield.prefab
  artifactKey: Guid(1049729a5bb699f41b4edc9c217ac668) Importer(815301076,1909f56bfc062723c751e8b465ee728b)
Number of updated assets reloaded before import = 0
Start importing Assets/prefabes/Interiors/consumer/Destroy_shield.prefab using Guid(1049729a5bb699f41b4edc9c217ac668) Importer(815301076,1909f56bfc062723c751e8b465ee728b)  -> (artifact id: '4133f6b53ff9faca67b022022da1cd0e') in 0.022856 seconds 
Number of asset objects unloaded after import = 32
========================================================================
Received Import Request.
  Time since last request: 4.452207 seconds.
  path: Assets/prefabes/Interiors/consumer/Destroy_shield.prefab
  artifactKey: Guid(1049729a5bb699f41b4edc9c217ac668) Importer(815301076,1909f56bfc062723c751e8b465ee728b)
Number of updated assets reloaded before import = 0
Start importing Assets/prefabes/Interiors/consumer/Destroy_shield.prefab using Guid(1049729a5bb699f41b4edc9c217ac668) Importer(815301076,1909f56bfc062723c751e8b465ee728b)  -> (artifact id: '640b88ae68bbe556d8aa2594daec221e') in 0.013901 seconds 
Number of asset objects unloaded after import = 32
========================================================================
Received Import Request.
  Time since last request: 2.264383 seconds.
  path: Assets/prefabes/Interiors/consumer/Destroy_shield.prefab
  artifactKey: Guid(1049729a5bb699f41b4edc9c217ac668) Importer(815301076,1909f56bfc062723c751e8b465ee728b)
Number of updated assets reloaded before import = 0
Start importing Assets/prefabes/Interiors/consumer/Destroy_shield.prefab using Guid(1049729a5bb699f41b4edc9c217ac668) Importer(815301076,1909f56bfc062723c751e8b465ee728b)  -> (artifact id: '8fbf372863e958673899c0592703f833') in 0.014106 seconds 
Number of asset objects unloaded after import = 31
========================================================================
Received Import Request.
  Time since last request: 5.254031 seconds.
  path: Assets/prefabes/Interiors/consumer/Destroy_shield.prefab
  artifactKey: Guid(1049729a5bb699f41b4edc9c217ac668) Importer(815301076,1909f56bfc062723c751e8b465ee728b)
Number of updated assets reloaded before import = 0
Start importing Assets/prefabes/Interiors/consumer/Destroy_shield.prefab using Guid(1049729a5bb699f41b4edc9c217ac668) Importer(815301076,1909f56bfc062723c751e8b465ee728b)  -> (artifact id: 'a920e3c23ea4817017475b1e4081d0a6') in 0.014798 seconds 
Number of asset objects unloaded after import = 32
========================================================================
Received Prepare
Begin MonoManager ReloadAssembly
- Loaded All Assemblies, in  0.938 seconds
Refreshing native plugins compatible for Editor in 1.63 ms, found 2 plugins.
Native extension for WindowsStandalone target not found
Mono: successfully reloaded assembly
- Finished resetting the current domain, in  1.179 seconds
Domain Reload Profiling:
	ReloadAssembly (547ms)
		BeginReloadAssembly (429ms)
			ExecutionOrderSort (0ms)
			DisableScriptedObjects (7ms)
			BackupInstance (0ms)
			ReleaseScriptingObjects (0ms)
			CreateAndSetChildDomain (43ms)
		LoadAllAssembliesAndSetupDomain (387ms)
			LoadAssemblies (112ms)
			RebuildTransferFunctionScriptingTraits (0ms)
			SetupTypeCache (361ms)
				TypeCache.Initialize (284ms)
					TypeCache.ScanAssembly (278ms)
				ResolveRequiredComponents (5ms)
		FinalizeReload (0ms)
			ReleaseScriptCaches (0ms)
			RebuildScriptCaches (0ms)
			SetupLoadedEditorAssemblies (546ms)
				LogAssemblyErrors (0ms)
				InitializePlatformSupportModulesInManaged (21ms)
				SetLoadedEditorAssemblies (9ms)
				RefreshPlugins (0ms)
				BeforeProcessingInitializeOnLoad (71ms)
				ProcessInitializeOnLoadAttributes (393ms)
				ProcessInitializeOnLoadMethodAttributes (36ms)
				AfterProcessingInitializeOnLoad (17ms)
				EditorAssembliesLoaded (0ms)
			ExecutionOrderSort2 (0ms)
			AwakeInstancesAfterBackupRestoration (13ms)
Refreshing native plugins compatible for Editor in 2.13 ms, found 2 plugins.
Preloading 0 native plugins for Editor in 0.00 ms.
Unloading 1424 Unused Serialized files (Serialized files now loaded: 0)
Unloading 12 unused Assets / (37.7 KB). Loaded Objects now: 1949.
Memory consumption went from 247.8 MB to 247.8 MB.
Total: 4.954600 ms (FindLiveObjects: 0.183100 ms CreateObjectMapping: 0.103100 ms MarkObjects: 4.623400 ms  DeleteObjects: 0.043400 ms)

AssetImportParameters requested are different than current active one (requested -> active):
  custom:video-encoder-webm-vp8: eb34c28f22e8b96e1ab97ce403110664 -> 
  custom:video-decoder-webm-vp8: 9c59270c3fd7afecdb556c50c9e8de78 -> 
  custom:audio-decoder-ogg-vorbis: bf7c407c2cedff20999df2af8eb42d56 -> 
  custom:container-demuxer-ogg: 62fdf1f143b41e24485cea50d1cbac27 -> 
  custom:AudioImporter_EditorPlatform: d09bf68614088b80899f8185d706f6e7 -> 
  custom:container-demuxer-webm: 4f35f7cbe854078d1ac9338744f61a02 -> 
  custom:video-decoder-ogg-theora: a1e56fd34408186e4bbccfd4996cb3dc -> 
  custom:audio-encoder-webm-vorbis: bf7c407c2cedff20999df2af8eb42d56 -> 
  custom:framework-win-MediaFoundation: 216162199b28c13a410421893ffa2e32 -> 
  custom:container-muxer-webm: aa71ff27fc2769a1b78a27578f13a17b -> 
